<?xml version="1.0" encoding="UTF-8"?>
<!-- Generated by org.testng.reporters.JUnitReportReporter -->
<testsuite hostname="Greens-11-PC" failures="0" tests="1" name="org.test1.A" time="0.004" errors="0" timestamp="24 Sep 2019 10:56:14 GMT" skipped="0">
  <testcase classname="org.test1.A" name="test2" time="0.004"/>
</testsuite> <!-- org.test1.A -->
