<?xml version="1.0" encoding="UTF-8"?>
<!-- Generated by org.testng.reporters.JUnitReportReporter -->
<testsuite hostname="Greens-11-PC" failures="0" tests="1" name="org.test1.AirLineSliver" time="61.202" errors="0" timestamp="24 Sep 2019 10:57:39 GMT" skipped="0">
  <testcase classname="org.test1.AirLineSliver" name="test" time="61.202"/>
</testsuite> <!-- org.test1.AirLineSliver -->
